#
# A fatal error has been detected by the Java Runtime Environment:
#
#  SIGILL (0x4) at pc=0x0000000123c6cc15, pid=20198, tid=9219
#
# JRE version: Java(TM) SE Runtime Environment (14.0.1+7) (build 14.0.1+7)
# Java VM: Java HotSpot(TM) 64-Bit Server VM (14.0.1+7, mixed mode, sharing, tiered, compressed oops, g1 gc, bsd-amd64)
# Problematic frame:
# C  [libtensorflow_framework.2.dylib+0x14c15]  tensorflow::monitoring::MetricDef<(tensorflow::monitoring::MetricKind)1, long long, 2>::MetricDef<char [11], char [7]>(absl::lts_2020_02_25::string_view, absl::lts_2020_02_25::string_view, char const (&) [11], char const (&) [7])+0x125
#
# No core dump will be written. Core dumps have been disabled. To enable core dumping, try "ulimit -c unlimited" before starting Java again
#
# If you would like to submit a bug report, please visit:
#   https://bugreport.java.com/bugreport/crash.jsp
# The crash happened outside the Java Virtual Machine in native code.
# See problematic frame for where to report the bug.
#

---------------  S U M M A R Y ------------

Command Line: -Dfile.encoding=UTF-8 -XX:+ShowCodeDetailsInExceptionMessages main.ApplicationML

Host: MacBookPro6,1 x86_64 2660 MHz, 4 cores, 8G, Darwin 17.7.0
Time: Fri Jul 23 22:55:12 2021 EEST elapsed time: 2 seconds (0d 0h 0m 2s)

---------------  T H R E A D  ---------------

Current thread (0x00007fa04681d800):  JavaThread "main" [_thread_in_native, id=9219, stack(0x0000000102c6d000,0x0000000102d6d000)]

Stack: [0x0000000102c6d000,0x0000000102d6d000],  sp=0x0000000102d68510,  free space=1005k
Native frames: (J=compiled Java code, A=aot compiled Java code, j=interpreted, Vv=VM code, C=native code)
C  [libtensorflow_framework.2.dylib+0x14c15]  tensorflow::monitoring::MetricDef<(tensorflow::monitoring::MetricKind)1, long long, 2>::MetricDef<char [11], char [7]>(absl::lts_2020_02_25::string_view, absl::lts_2020_02_25::string_view, char const (&) [11], char const (&) [7])+0x125
C  [libtensorflow_framework.2.dylib+0xdfbb]  tensorflow::monitoring::Counter<2>* tensorflow::monitoring::Counter<2>::New<char const (&) [46], char const (&) [58], char const (&) [11], char const (&) [7]>(char const (&&&) [46], char const (&&&) [58], char const (&&&) [11], char const (&&&) [7])+0x5b
C  [libtensorflow_framework.2.dylib+0x18b81]  _GLOBAL__sub_I_loader.cc+0x31
C  0x000000010a433ac6
C  0x000000010a433cf6
C  0x000000010a42f218
C  0x000000010a42e34e
C  0x000000010a42e3e2
C  0x000000010a4223e5
C  0x000000010a42b0a8
C  [libdyld.dylib+0x2d86]  dlopen+0x56
V  [libjvm.dylib+0x5ea1fb]  os::dll_load(char const*, char*, int)+0x3f
V  [libjvm.dylib+0x3d475a]  JVM_LoadLibrary+0xb0
C  [libjava.dylib+0x1b8b]  Java_java_lang_ClassLoader_00024NativeLibrary_load0+0x78
j  java.lang.ClassLoader$NativeLibrary.load0(Ljava/lang/String;Z)Z+0 java.base@14.0.1
j  java.lang.ClassLoader$NativeLibrary.load()Z+53 java.base@14.0.1
j  java.lang.ClassLoader$NativeLibrary.loadLibrary(Ljava/lang/Class;Ljava/lang/String;Z)Z+216 java.base@14.0.1
j  java.lang.ClassLoader.loadLibrary0(Ljava/lang/Class;Ljava/io/File;)Z+46 java.base@14.0.1
j  java.lang.ClassLoader.loadLibrary(Ljava/lang/Class;Ljava/lang/String;Z)V+72 java.base@14.0.1
j  java.lang.Runtime.load0(Ljava/lang/Class;Ljava/lang/String;)V+57 java.base@14.0.1
j  java.lang.System.load(Ljava/lang/String;)V+7 java.base@14.0.1
j  org.bytedeco.javacpp.Loader.loadLibrary(Ljava/lang/Class;[Ljava/net/URL;Ljava/lang/String;[Ljava/lang/String;)Ljava/lang/String;+946
j  org.bytedeco.javacpp.Loader.load(Ljava/lang/Class;Ljava/util/Properties;Z)Ljava/lang/String;+593
j  org.bytedeco.javacpp.Loader.load()Ljava/lang/String;+10
j  org.tensorflow.internal.c_api.global.tensorflow.<clinit>()V+0
v  ~StubRoutines::call_stub
V  [libjvm.dylib+0x34bbae]  JavaCalls::call_helper(JavaValue*, methodHandle const&, JavaCallArguments*, Thread*)+0x256
V  [libjvm.dylib+0x334ede]  InstanceKlass::call_class_initializer(Thread*)+0x192
V  [libjvm.dylib+0x334800]  InstanceKlass::initialize_impl(Thread*)+0x518
V  [libjvm.dylib+0x4e7724]  LinkResolver::resolve_static_call(CallInfo&, LinkInfo const&, bool, Thread*)+0x68
V  [libjvm.dylib+0x4e91f9]  LinkResolver::resolve_invokestatic(CallInfo&, constantPoolHandle const&, int, Thread*)+0x35
V  [libjvm.dylib+0x347081]  InterpreterRuntime::resolve_invoke(JavaThread*, Bytecodes::Code)+0x223
V  [libjvm.dylib+0x347638]  InterpreterRuntime::resolve_from_cache(JavaThread*, Bytecodes::Code)+0x32
j  org.tensorflow.internal.c_api.AbstractTFE_ContextOptions.newContextOptions()Lorg/tensorflow/internal/c_api/TFE_ContextOptions;+0
j  ai.djl.tensorflow.engine.javacpp.JavacppUtils.createEagerSession(ZILorg/tensorflow/proto/framework/ConfigProto;)Lorg/tensorflow/internal/c_api/TFE_Context;+15
j  ai.djl.tensorflow.engine.TfEngine.newInstance()Lai/djl/tensorflow/engine/TfEngine;+12
j  ai.djl.tensorflow.engine.TfEngineProvider.getEngine()Lai/djl/engine/Engine;+10
j  ai.djl.engine.Engine.getEngine(Ljava/lang/String;)Lai/djl/engine/Engine;+45
j  ai.djl.engine.Engine.getInstance()Lai/djl/engine/Engine;+48
j  main.ApplicationML.predict()Lai/djl/modality/cv/output/DetectedObjects;+23
j  main.ApplicationML.main([Ljava/lang/String;)V+0
v  ~StubRoutines::call_stub
V  [libjvm.dylib+0x34bbae]  JavaCalls::call_helper(JavaValue*, methodHandle const&, JavaCallArguments*, Thread*)+0x256
V  [libjvm.dylib+0x39031d]  jni_invoke_static(JNIEnv_*, JavaValue*, _jobject*, JNICallType, _jmethodID*, JNI_ArgumentPusher*, Thread*)+0x11c
V  [libjvm.dylib+0x393c00]  jni_CallStaticVoidMethod+0x1b3
C  [libjli.dylib+0x4a42]  JavaMain+0xab4
C  [libjli.dylib+0x6d4a]  ThreadJavaMain+0x9
C  [libsystem_pthread.dylib+0x3661]  _pthread_body+0x154
C  [libsystem_pthread.dylib+0x350d]  _pthread_body+0x0
C  [libsystem_pthread.dylib+0x2bf9]  thread_start+0xd

Java frames: (J=compiled Java code, j=interpreted, Vv=VM code)
j  java.lang.ClassLoader$NativeLibrary.load0(Ljava/lang/String;Z)Z+0 java.base@14.0.1
j  java.lang.ClassLoader$NativeLibrary.load()Z+53 java.base@14.0.1
j  java.lang.ClassLoader$NativeLibrary.loadLibrary(Ljava/lang/Class;Ljava/lang/String;Z)Z+216 java.base@14.0.1
j  java.lang.ClassLoader.loadLibrary0(Ljava/lang/Class;Ljava/io/File;)Z+46 java.base@14.0.1
j  java.lang.ClassLoader.loadLibrary(Ljava/lang/Class;Ljava/lang/String;Z)V+72 java.base@14.0.1
j  java.lang.Runtime.load0(Ljava/lang/Class;Ljava/lang/String;)V+57 java.base@14.0.1
j  java.lang.System.load(Ljava/lang/String;)V+7 java.base@14.0.1
j  org.bytedeco.javacpp.Loader.loadLibrary(Ljava/lang/Class;[Ljava/net/URL;Ljava/lang/String;[Ljava/lang/String;)Ljava/lang/String;+946
j  org.bytedeco.javacpp.Loader.load(Ljava/lang/Class;Ljava/util/Properties;Z)Ljava/lang/String;+593
j  org.bytedeco.javacpp.Loader.load()Ljava/lang/String;+10
j  org.tensorflow.internal.c_api.global.tensorflow.<clinit>()V+0
v  ~StubRoutines::call_stub
j  org.tensorflow.internal.c_api.AbstractTFE_ContextOptions.newContextOptions()Lorg/tensorflow/internal/c_api/TFE_ContextOptions;+0
j  ai.djl.tensorflow.engine.javacpp.JavacppUtils.createEagerSession(ZILorg/tensorflow/proto/framework/ConfigProto;)Lorg/tensorflow/internal/c_api/TFE_Context;+15
j  ai.djl.tensorflow.engine.TfEngine.newInstance()Lai/djl/tensorflow/engine/TfEngine;+12
j  ai.djl.tensorflow.engine.TfEngineProvider.getEngine()Lai/djl/engine/Engine;+10
j  ai.djl.engine.Engine.getEngine(Ljava/lang/String;)Lai/djl/engine/Engine;+45
j  ai.djl.engine.Engine.getInstance()Lai/djl/engine/Engine;+48
j  main.ApplicationML.predict()Lai/djl/modality/cv/output/DetectedObjects;+23
j  main.ApplicationML.main([Ljava/lang/String;)V+0
v  ~StubRoutines::call_stub

siginfo: si_signo: 4 (SIGILL), si_code: 1 (ILL_ILLOPC), si_addr: 0x0000000123c6cc15

Register to memory mapping:

RAX=0x0000000102d68589 is pointing into the stack for thread: 0x00007fa04681d800
RBX=0x0000000102d685f0 is pointing into the stack for thread: 0x00007fa04681d800
RCX=0x0000000000000073 is an unknown value
RDX=0x0 is NULL
RSP=0x0000000102d68510 is pointing into the stack for thread: 0x00007fa04681d800
RBP=0x0000000102d685d0 is pointing into the stack for thread: 0x00007fa04681d800
RSI=0x0000000124d8f96e: base_dist+0x5ae in /Users/alexander/.djl.ai/tensorflow/2.4.1-cpu-osx-x86_64/libtensorflow_framework.2.dylib at 0x0000000123c58000
RDI=0x0000000102d6858f is pointing into the stack for thread: 0x00007fa04681d800
R8 =0x0000000000000039 is an unknown value
R9 =0x0000000124d8f95d: base_dist+0x59d in /Users/alexander/.djl.ai/tensorflow/2.4.1-cpu-osx-x86_64/libtensorflow_framework.2.dylib at 0x0000000123c58000
R10=0x00007fa045d5b400 points into unknown readable memory: 2f 55 73 65 72 73 2f 61
R11=0xffffffffddfd8c21 is an unknown value
R12=0x0000000000000006 is an unknown value
R13=0x0000000102d68588 is pointing into the stack for thread: 0x00007fa04681d800
R14=0x0000000124d8f968: base_dist+0x5a8 in /Users/alexander/.djl.ai/tensorflow/2.4.1-cpu-osx-x86_64/libtensorflow_framework.2.dylib at 0x0000000123c58000
R15=0x0000000102d68589 is pointing into the stack for thread: 0x00007fa04681d800


Registers:
RAX=0x0000000102d68589, RBX=0x0000000102d685f0, RCX=0x0000000000000073, RDX=0x0000000000000000
RSP=0x0000000102d68510, RBP=0x0000000102d685d0, RSI=0x0000000124d8f96e, RDI=0x0000000102d6858f
R8 =0x0000000000000039, R9 =0x0000000124d8f95d, R10=0x00007fa045d5b400, R11=0xffffffffddfd8c21
R12=0x0000000000000006, R13=0x0000000102d68588, R14=0x0000000124d8f968, R15=0x0000000102d68589
RIP=0x0000000123c6cc15, EFLAGS=0x0000000000010246, ERR=0x0000000000000000
  TRAPNO=0x0000000000000006

Top of Stack: (sp=0x0000000102d68510)
0x0000000102d68510:   0000001500000003 0000000101ecae00
0x0000000102d68520:   0000000101ec6000 0000000124d8f923
0x0000000102d68530:   0000000000000039 000000000000002d
0x0000000102d68540:   0000000124d8f8f5 0000000102d685f0
0x0000000102d68550:   00007fff98e97000 0000000000000088
0x0000000102d68560:   0000000102d68590 00007fff609a3241
0x0000000102d68570:   705f6c65646f6d14 0000000000687461
0x0000000102d68580:   0000000000000008 007375746174730c
0x0000000102d68590:   00007fa045d5b760 0000000124d8f8f5
0x0000000102d685a0:   a14dbcde0fbe00cf 0000000124d8f8f5
0x0000000102d685b0:   0000000124d8f968 0000000124d8f923
0x0000000102d685c0:   00007fa045d5b760 000000000000002d
0x0000000102d685d0:   0000000102d68670 0000000123c65fbb
0x0000000102d685e0:   0000000124d8f968 0000000102d6ac28
0x0000000102d685f0:   0000000102d68610 000000010223841a
0x0000000102d68600:   0000000800b44d78 0000000800b44d78
0x0000000102d68610:   0000000102d68760 0000000102599240
0x0000000102d68620:   00007fa008c7a160 00007fa045e19300
0x0000000102d68630:   0000000102d69900 00000001025deb6d
0x0000000102d68640:   0000000124d8f95d 0000000124d8f95d
0x0000000102d68650:   0000000000000000 00000000000000b8
0x0000000102d68660:   00007fff98e78de8 0000000123c70b50
0x0000000102d68670:   0000000102d68700 0000000123c70b81
0x0000000102d68680:   00007fa045d97a80 0000000000000000
0x0000000102d68690:   0000000102d686c0 000000010a431e03
0x0000000102d686a0:   0000000102d686c0 000000010a431d3a
0x0000000102d686b0:   0000000000000000 0000000000000000
0x0000000102d686c0:   0000000102d68700 000000010a41e12e
0x0000000102d686d0:   000000010a46a088 00007fa045d97a80
0x0000000102d686e0:   0000000000000000 00007fa045d97a80
0x0000000102d686f0:   00007fff98e78de8 0000000123c70b50
0x0000000102d68700:   0000000102d687a0 000000010a433ac6 

Instructions: (pc=0x0000000123c6cc15)
0x0000000123c6cb15:   1c 01 48 8b 00 48 89 45 d0 48 89 8d 58 ff ff ff
0x0000000123c6cb25:   4c 89 85 60 ff ff ff 4c 89 cf e8 bc de f7 00 48
0x0000000123c6cb35:   83 f8 f0 0f 83 f1 01 00 00 49 89 c4 48 89 9d 78
0x0000000123c6cb45:   ff ff ff 4c 89 bd 70 ff ff ff 48 83 f8 17 4c 89
0x0000000123c6cb55:   b5 68 ff ff ff 73 12 43 8d 04 24 88 45 a0 4c 8d
0x0000000123c6cb65:   7d a1 4d 85 e4 75 28 eb 34 4c 89 e3 48 83 c3 10
0x0000000123c6cb75:   48 83 e3 f0 48 89 df e8 0b d9 f7 00 49 89 c7 48
0x0000000123c6cb85:   89 45 b0 48 83 cb 01 48 89 5d a0 4c 89 65 a8 4c
0x0000000123c6cb95:   89 ff 4c 89 ee 4c 89 e2 e8 de db f7 00 4c 8b 75
0x0000000123c6cba5:   10 43 c6 04 27 00 4c 8d 6d b8 4c 89 f7 e8 39 de
0x0000000123c6cbb5:   f7 00 48 83 f8 f0 0f 83 79 01 00 00 49 89 c4 48
0x0000000123c6cbc5:   83 f8 17 73 12 43 8d 04 24 88 45 b8 4d 8d 7d 01
0x0000000123c6cbd5:   4d 85 e4 75 28 eb 34 4c 89 e3 48 83 c3 10 48 83
0x0000000123c6cbe5:   e3 f0 48 89 df e8 9d d8 f7 00 49 89 c7 48 89 45
0x0000000123c6cbf5:   c8 48 83 cb 01 48 89 5d b8 4c 89 65 c0 4c 89 ff
0x0000000123c6cc05:   4c 89 f6 4c 89 e2 e8 70 db f7 00 43 c6 04 27 00
0x0000000123c6cc15:   c5 f8 57 c0 c5 f8 29 45 80 48 c7 45 90 00 00 00
0x0000000123c6cc25:   00 bf 30 00 00 00 e8 5c d8 f7 00 48 89 c3 48 89
0x0000000123c6cc35:   45 88 48 89 45 80 4c 8d 78 30 4c 89 7d 90 48 8d
0x0000000123c6cc45:   75 a0 49 89 c6 48 89 c7 e8 06 d6 f7 00 4c 8d 73
0x0000000123c6cc55:   18 4c 89 f7 4c 89 ee e8 f7 d5 f7 00 48 8d 5d 88
0x0000000123c6cc65:   4c 89 7d 88 c5 f8 10 85 58 ff ff ff c5 f8 11 04
0x0000000123c6cc75:   24 4c 8d 4d 80 48 8b bd 78 ff ff ff be 01 00 00
0x0000000123c6cc85:   00 31 d2 48 8b 8d 70 ff ff ff 4c 8b 85 68 ff ff
0x0000000123c6cc95:   ff e8 55 01 00 00 4c 8b 75 80 4d 85 f6 74 46 48
0x0000000123c6cca5:   8b 45 88 4c 39 f0 75 1b 4c 89 f7 eb 2f 66 2e 0f
0x0000000123c6ccb5:   1f 84 00 00 00 00 00 0f 1f 40 00 48 89 d8 49 39
0x0000000123c6ccc5:   de 74 15 48 8d 58 e8 f6 40 e8 01 74 ee 48 8b 78
0x0000000123c6ccd5:   f8 e8 a5 d7 f7 00 eb e3 48 8b 7d 80 4c 89 75 88
0x0000000123c6cce5:   e8 96 d7 f7 00 f6 45 b8 01 74 09 48 8b 7d c8 e8
0x0000000123c6ccf5:   87 d7 f7 00 f6 45 a0 01 74 09 48 8b 7d b0 e8 78
0x0000000123c6cd05:   d7 f7 00 48 8b 05 91 dc 1c 01 48 8b 00 48 3b 45 


Stack slot to memory mapping:
stack at sp + 0 slots: 0x0000001500000003 is an unknown value
stack at sp + 1 slots: 0x0000000101ecae00 points into unknown readable memory: 00 00 00 00 00 00 00 00
stack at sp + 2 slots: 0x0000000101ec6000 points into unknown readable memory: 00 00 00 00 00 00 00 00
stack at sp + 3 slots: 0x0000000124d8f923: base_dist+0x563 in /Users/alexander/.djl.ai/tensorflow/2.4.1-cpu-osx-x86_64/libtensorflow_framework.2.dylib at 0x0000000123c58000
stack at sp + 4 slots: 0x0000000000000039 is an unknown value
stack at sp + 5 slots: 0x000000000000002d is an unknown value
stack at sp + 6 slots: 0x0000000124d8f8f5: base_dist+0x535 in /Users/alexander/.djl.ai/tensorflow/2.4.1-cpu-osx-x86_64/libtensorflow_framework.2.dylib at 0x0000000123c58000
stack at sp + 7 slots: 0x0000000102d685f0 is pointing into the stack for thread: 0x00007fa04681d800


---------------  P R O C E S S  ---------------

Threads class SMR info:
_java_thread_list=0x00007fa045d87f20, length=13, elements={
0x00007fa04681d800, 0x00007fa04682c800, 0x00007fa046001000, 0x00007fa04784c000,
0x00007fa04682d800, 0x00007fa046831000, 0x00007fa046832000, 0x00007fa04706b000,
0x00007fa046002000, 0x00007fa0478b3800, 0x00007fa046003800, 0x00007fa0478ec000,
0x00007fa0468bf000
}

Java Threads: ( => current thread )
=>0x00007fa04681d800 JavaThread "main" [_thread_in_native, id=9219, stack(0x0000000102c6d000,0x0000000102d6d000)]
  0x00007fa04682c800 JavaThread "Reference Handler" daemon [_thread_blocked, id=17667, stack(0x000070000dd73000,0x000070000de73000)]
  0x00007fa046001000 JavaThread "Finalizer" daemon [_thread_blocked, id=15363, stack(0x000070000de76000,0x000070000df76000)]
  0x00007fa04784c000 JavaThread "Signal Dispatcher" daemon [_thread_blocked, id=15879, stack(0x000070000df79000,0x000070000e079000)]
  0x00007fa04682d800 JavaThread "Service Thread" daemon [_thread_blocked, id=42243, stack(0x000070000e07c000,0x000070000e17c000)]
  0x00007fa046831000 JavaThread "C2 CompilerThread0" daemon [_thread_blocked, id=41987, stack(0x000070000e17f000,0x000070000e27f000)]
  0x00007fa046832000 JavaThread "C1 CompilerThread0" daemon [_thread_blocked, id=41475, stack(0x000070000e282000,0x000070000e382000)]
  0x00007fa04706b000 JavaThread "Sweeper thread" daemon [_thread_blocked, id=41219, stack(0x000070000e385000,0x000070000e485000)]
  0x00007fa046002000 JavaThread "Notification Thread" daemon [_thread_blocked, id=23811, stack(0x000070000e488000,0x000070000e588000)]
  0x00007fa0478b3800 JavaThread "Common-Cleaner" daemon [_thread_blocked, id=40195, stack(0x000070000e68e000,0x000070000e78e000)]
  0x00007fa046003800 JavaThread "Attach Listener" daemon [_thread_blocked, id=25091, stack(0x000070000e791000,0x000070000e891000)]
  0x00007fa0478ec000 JavaThread "Java2D Disposer" daemon [_thread_blocked, id=25863, stack(0x000070000e894000,0x000070000e994000)]
  0x00007fa0468bf000 JavaThread "JavaCPP Deallocator" daemon [_thread_blocked, id=38147, stack(0x000070000eb9d000,0x000070000ec9d000)]

Other Threads:
  0x00007fa047849000 VMThread "VM Thread" [stack: 0x000070000dc70000,0x000070000dd70000] [id=18435]
  0x00007fa046002800 WatcherThread [stack: 0x000070000e58b000,0x000070000e68b000] [id=24323]
  0x00007fa04782e000 GCTaskThread "GC Thread#0" [stack: 0x000070000d761000,0x000070000d861000] [id=12803]
  0x00007fa04686b800 GCTaskThread "GC Thread#1" [stack: 0x000070000e997000,0x000070000ea97000] [id=25607]
  0x00007fa04686c800 GCTaskThread "GC Thread#2" [stack: 0x000070000ea9a000,0x000070000eb9a000] [id=38919]
  0x00007fa047013800 ConcurrentGCThread "G1 Main Marker" [stack: 0x000070000d864000,0x000070000d964000] [id=13315]
  0x00007fa04782e800 ConcurrentGCThread "G1 Conc#0" [stack: 0x000070000d967000,0x000070000da67000] [id=13827]
  0x00007fa047064000 ConcurrentGCThread "G1 Refine#0" [stack: 0x000070000da6a000,0x000070000db6a000] [id=14339]
  0x00007fa046812000 ConcurrentGCThread "G1 Young RemSet Sampling" [stack: 0x000070000db6d000,0x000070000dc6d000] [id=14595]

Threads with active compile tasks:

VM state:not at safepoint (normal execution)

VM Mutex/Monitor currently owned by a thread: None

Heap address: 0x0000000780000000, size: 2048 MB, Compressed Oops mode: Zero based, Oop shift amount: 3
Narrow klass base: 0x0000000800000000, Narrow klass shift: 3
Compressed class space size: 1073741824 Address: 0x0000000800b05000

Heap:
 garbage-first heap   total 133120K, used 12522K [0x0000000780000000, 0x0000000800000000)
  region size 1024K, 10 young (10240K), 1 survivors (1024K)
 Metaspace       used 6169K, capacity 7483K, committed 7680K, reserved 1056768K
  class space    used 580K, capacity 730K, committed 768K, reserved 1048576K
Heap Regions: E=young(eden), S=young(survivor), O=old, HS=humongous(starts), HC=humongous(continues), CS=collection set, F=free, OA=open archive, CA=closed archive, TAMS=top-at-mark-start (previous, next)
|   0|0x0000000780000000, 0x0000000780100000, 0x0000000780100000|100%|HS|  |TAMS 0x0000000780000000, 0x0000000780000000| Complete 
|   1|0x0000000780100000, 0x0000000780200000, 0x0000000780200000|100%| O|  |TAMS 0x0000000780100000, 0x0000000780100000| Untracked 
|   2|0x0000000780200000, 0x00000007802c7200, 0x0000000780300000| 77%| O|  |TAMS 0x0000000780200000, 0x0000000780200000| Untracked 
|   3|0x0000000780300000, 0x0000000780300000, 0x0000000780400000|  0%| F|  |TAMS 0x0000000780300000, 0x0000000780300000| Untracked 
|   4|0x0000000780400000, 0x0000000780400000, 0x0000000780500000|  0%| F|  |TAMS 0x0000000780400000, 0x0000000780400000| Untracked 
|   5|0x0000000780500000, 0x0000000780500000, 0x0000000780600000|  0%| F|  |TAMS 0x0000000780500000, 0x0000000780500000| Untracked 
|   6|0x0000000780600000, 0x0000000780600000, 0x0000000780700000|  0%| F|  |TAMS 0x0000000780600000, 0x0000000780600000| Untracked 
|   7|0x0000000780700000, 0x0000000780700000, 0x0000000780800000|  0%| F|  |TAMS 0x0000000780700000, 0x0000000780700000| Untracked 
|   8|0x0000000780800000, 0x0000000780800000, 0x0000000780900000|  0%| F|  |TAMS 0x0000000780800000, 0x0000000780800000| Untracked 
|   9|0x0000000780900000, 0x0000000780900000, 0x0000000780a00000|  0%| F|  |TAMS 0x0000000780900000, 0x0000000780900000| Untracked 
|  10|0x0000000780a00000, 0x0000000780a00000, 0x0000000780b00000|  0%| F|  |TAMS 0x0000000780a00000, 0x0000000780a00000| Untracked 
|  11|0x0000000780b00000, 0x0000000780b00000, 0x0000000780c00000|  0%| F|  |TAMS 0x0000000780b00000, 0x0000000780b00000| Untracked 
|  12|0x0000000780c00000, 0x0000000780c00000, 0x0000000780d00000|  0%| F|  |TAMS 0x0000000780c00000, 0x0000000780c00000| Untracked 
|  13|0x0000000780d00000, 0x0000000780d00000, 0x0000000780e00000|  0%| F|  |TAMS 0x0000000780d00000, 0x0000000780d00000| Untracked 
|  14|0x0000000780e00000, 0x0000000780e00000, 0x0000000780f00000|  0%| F|  |TAMS 0x0000000780e00000, 0x0000000780e00000| Untracked 
|  15|0x0000000780f00000, 0x0000000780f00000, 0x0000000781000000|  0%| F|  |TAMS 0x0000000780f00000, 0x0000000780f00000| Untracked 
|  16|0x0000000781000000, 0x0000000781000000, 0x0000000781100000|  0%| F|  |TAMS 0x0000000781000000, 0x0000000781000000| Untracked 
|  17|0x0000000781100000, 0x0000000781100000, 0x0000000781200000|  0%| F|  |TAMS 0x0000000781100000, 0x0000000781100000| Untracked 
|  18|0x0000000781200000, 0x0000000781200000, 0x0000000781300000|  0%| F|  |TAMS 0x0000000781200000, 0x0000000781200000| Untracked 
|  19|0x0000000781300000, 0x0000000781300000, 0x0000000781400000|  0%| F|  |TAMS 0x0000000781300000, 0x0000000781300000| Untracked 
|  20|0x0000000781400000, 0x0000000781400000, 0x0000000781500000|  0%| F|  |TAMS 0x0000000781400000, 0x0000000781400000| Untracked 
|  21|0x0000000781500000, 0x0000000781500000, 0x0000000781600000|  0%| F|  |TAMS 0x0000000781500000, 0x0000000781500000| Untracked 
|  22|0x0000000781600000, 0x0000000781600000, 0x0000000781700000|  0%| F|  |TAMS 0x0000000781600000, 0x0000000781600000| Untracked 
|  23|0x0000000781700000, 0x0000000781700000, 0x0000000781800000|  0%| F|  |TAMS 0x0000000781700000, 0x0000000781700000| Untracked 
|  24|0x0000000781800000, 0x0000000781800000, 0x0000000781900000|  0%| F|  |TAMS 0x0000000781800000, 0x0000000781800000| Untracked 
|  25|0x0000000781900000, 0x0000000781900000, 0x0000000781a00000|  0%| F|  |TAMS 0x0000000781900000, 0x0000000781900000| Untracked 
|  26|0x0000000781a00000, 0x0000000781a00000, 0x0000000781b00000|  0%| F|  |TAMS 0x0000000781a00000, 0x0000000781a00000| Untracked 
|  27|0x0000000781b00000, 0x0000000781b00000, 0x0000000781c00000|  0%| F|  |TAMS 0x0000000781b00000, 0x0000000781b00000| Untracked 
|  28|0x0000000781c00000, 0x0000000781c00000, 0x0000000781d00000|  0%| F|  |TAMS 0x0000000781c00000, 0x0000000781c00000| Untracked 
|  29|0x0000000781d00000, 0x0000000781d00000, 0x0000000781e00000|  0%| F|  |TAMS 0x0000000781d00000, 0x0000000781d00000| Untracked 
|  30|0x0000000781e00000, 0x0000000781e00000, 0x0000000781f00000|  0%| F|  |TAMS 0x0000000781e00000, 0x0000000781e00000| Untracked 
|  31|0x0000000781f00000, 0x0000000781f00000, 0x0000000782000000|  0%| F|  |TAMS 0x0000000781f00000, 0x0000000781f00000| Untracked 
|  32|0x0000000782000000, 0x0000000782000000, 0x0000000782100000|  0%| F|  |TAMS 0x0000000782000000, 0x0000000782000000| Untracked 
|  33|0x0000000782100000, 0x0000000782100000, 0x0000000782200000|  0%| F|  |TAMS 0x0000000782100000, 0x0000000782100000| Untracked 
|  34|0x0000000782200000, 0x0000000782200000, 0x0000000782300000|  0%| F|  |TAMS 0x0000000782200000, 0x0000000782200000| Untracked 
|  35|0x0000000782300000, 0x0000000782300000, 0x0000000782400000|  0%| F|  |TAMS 0x0000000782300000, 0x0000000782300000| Untracked 
|  36|0x0000000782400000, 0x0000000782400000, 0x0000000782500000|  0%| F|  |TAMS 0x0000000782400000, 0x0000000782400000| Untracked 
|  37|0x0000000782500000, 0x0000000782500000, 0x0000000782600000|  0%| F|  |TAMS 0x0000000782500000, 0x0000000782500000| Untracked 
|  38|0x0000000782600000, 0x0000000782600000, 0x0000000782700000|  0%| F|  |TAMS 0x0000000782600000, 0x0000000782600000| Untracked 
|  39|0x0000000782700000, 0x0000000782700000, 0x0000000782800000|  0%| F|  |TAMS 0x0000000782700000, 0x0000000782700000| Untracked 
|  40|0x0000000782800000, 0x0000000782800000, 0x0000000782900000|  0%| F|  |TAMS 0x0000000782800000, 0x0000000782800000| Untracked 
|  41|0x0000000782900000, 0x0000000782900000, 0x0000000782a00000|  0%| F|  |TAMS 0x0000000782900000, 0x0000000782900000| Untracked 
|  42|0x0000000782a00000, 0x0000000782a00000, 0x0000000782b00000|  0%| F|  |TAMS 0x0000000782a00000, 0x0000000782a00000| Untracked 
|  43|0x0000000782b00000, 0x0000000782b00000, 0x0000000782c00000|  0%| F|  |TAMS 0x0000000782b00000, 0x0000000782b00000| Untracked 
|  44|0x0000000782c00000, 0x0000000782c00000, 0x0000000782d00000|  0%| F|  |TAMS 0x0000000782c00000, 0x0000000782c00000| Untracked 
|  45|0x0000000782d00000, 0x0000000782d00000, 0x0000000782e00000|  0%| F|  |TAMS 0x0000000782d00000, 0x0000000782d00000| Untracked 
|  46|0x0000000782e00000, 0x0000000782e00000, 0x0000000782f00000|  0%| F|  |TAMS 0x0000000782e00000, 0x0000000782e00000| Untracked 
|  47|0x0000000782f00000, 0x0000000782f00000, 0x0000000783000000|  0%| F|  |TAMS 0x0000000782f00000, 0x0000000782f00000| Untracked 
|  48|0x0000000783000000, 0x0000000783000000, 0x0000000783100000|  0%| F|  |TAMS 0x0000000783000000, 0x0000000783000000| Untracked 
|  49|0x0000000783100000, 0x0000000783100000, 0x0000000783200000|  0%| F|  |TAMS 0x0000000783100000, 0x0000000783100000| Untracked 
|  50|0x0000000783200000, 0x0000000783200000, 0x0000000783300000|  0%| F|  |TAMS 0x0000000783200000, 0x0000000783200000| Untracked 
|  51|0x0000000783300000, 0x0000000783300000, 0x0000000783400000|  0%| F|  |TAMS 0x0000000783300000, 0x0000000783300000| Untracked 
|  52|0x0000000783400000, 0x0000000783400000, 0x0000000783500000|  0%| F|  |TAMS 0x0000000783400000, 0x0000000783400000| Untracked 
|  53|0x0000000783500000, 0x0000000783500000, 0x0000000783600000|  0%| F|  |TAMS 0x0000000783500000, 0x0000000783500000| Untracked 
|  54|0x0000000783600000, 0x0000000783600000, 0x0000000783700000|  0%| F|  |TAMS 0x0000000783600000, 0x0000000783600000| Untracked 
|  55|0x0000000783700000, 0x0000000783700000, 0x0000000783800000|  0%| F|  |TAMS 0x0000000783700000, 0x0000000783700000| Untracked 
|  56|0x0000000783800000, 0x0000000783800000, 0x0000000783900000|  0%| F|  |TAMS 0x0000000783800000, 0x0000000783800000| Untracked 
|  57|0x0000000783900000, 0x0000000783900000, 0x0000000783a00000|  0%| F|  |TAMS 0x0000000783900000, 0x0000000783900000| Untracked 
|  58|0x0000000783a00000, 0x0000000783a00000, 0x0000000783b00000|  0%| F|  |TAMS 0x0000000783a00000, 0x0000000783a00000| Untracked 
|  59|0x0000000783b00000, 0x0000000783b00000, 0x0000000783c00000|  0%| F|  |TAMS 0x0000000783b00000, 0x0000000783b00000| Untracked 
|  60|0x0000000783c00000, 0x0000000783c00000, 0x0000000783d00000|  0%| F|  |TAMS 0x0000000783c00000, 0x0000000783c00000| Untracked 
|  61|0x0000000783d00000, 0x0000000783d00000, 0x0000000783e00000|  0%| F|  |TAMS 0x0000000783d00000, 0x0000000783d00000| Untracked 
|  62|0x0000000783e00000, 0x0000000783e00000, 0x0000000783f00000|  0%| F|  |TAMS 0x0000000783e00000, 0x0000000783e00000| Untracked 
|  63|0x0000000783f00000, 0x0000000783f00000, 0x0000000784000000|  0%| F|  |TAMS 0x0000000783f00000, 0x0000000783f00000| Untracked 
|  64|0x0000000784000000, 0x0000000784000000, 0x0000000784100000|  0%| F|  |TAMS 0x0000000784000000, 0x0000000784000000| Untracked 
|  65|0x0000000784100000, 0x0000000784100000, 0x0000000784200000|  0%| F|  |TAMS 0x0000000784100000, 0x0000000784100000| Untracked 
|  66|0x0000000784200000, 0x0000000784200000, 0x0000000784300000|  0%| F|  |TAMS 0x0000000784200000, 0x0000000784200000| Untracked 
|  67|0x0000000784300000, 0x0000000784300000, 0x0000000784400000|  0%| F|  |TAMS 0x0000000784300000, 0x0000000784300000| Untracked 
|  68|0x0000000784400000, 0x0000000784400000, 0x0000000784500000|  0%| F|  |TAMS 0x0000000784400000, 0x0000000784400000| Untracked 
|  69|0x0000000784500000, 0x0000000784500000, 0x0000000784600000|  0%| F|  |TAMS 0x0000000784500000, 0x0000000784500000| Untracked 
|  70|0x0000000784600000, 0x0000000784600000, 0x0000000784700000|  0%| F|  |TAMS 0x0000000784600000, 0x0000000784600000| Untracked 
|  71|0x0000000784700000, 0x0000000784700000, 0x0000000784800000|  0%| F|  |TAMS 0x0000000784700000, 0x0000000784700000| Untracked 
|  72|0x0000000784800000, 0x0000000784800000, 0x0000000784900000|  0%| F|  |TAMS 0x0000000784800000, 0x0000000784800000| Untracked 
|  73|0x0000000784900000, 0x0000000784900000, 0x0000000784a00000|  0%| F|  |TAMS 0x0000000784900000, 0x0000000784900000| Untracked 
|  74|0x0000000784a00000, 0x0000000784a00000, 0x0000000784b00000|  0%| F|  |TAMS 0x0000000784a00000, 0x0000000784a00000| Untracked 
|  75|0x0000000784b00000, 0x0000000784b00000, 0x0000000784c00000|  0%| F|  |TAMS 0x0000000784b00000, 0x0000000784b00000| Untracked 
|  76|0x0000000784c00000, 0x0000000784c00000, 0x0000000784d00000|  0%| F|  |TAMS 0x0000000784c00000, 0x0000000784c00000| Untracked 
|  77|0x0000000784d00000, 0x0000000784d00000, 0x0000000784e00000|  0%| F|  |TAMS 0x0000000784d00000, 0x0000000784d00000| Untracked 
|  78|0x0000000784e00000, 0x0000000784e00000, 0x0000000784f00000|  0%| F|  |TAMS 0x0000000784e00000, 0x0000000784e00000| Untracked 
|  79|0x0000000784f00000, 0x0000000784f00000, 0x0000000785000000|  0%| F|  |TAMS 0x0000000784f00000, 0x0000000784f00000| Untracked 
|  80|0x0000000785000000, 0x0000000785000000, 0x0000000785100000|  0%| F|  |TAMS 0x0000000785000000, 0x0000000785000000| Untracked 
|  81|0x0000000785100000, 0x0000000785100000, 0x0000000785200000|  0%| F|  |TAMS 0x0000000785100000, 0x0000000785100000| Untracked 
|  82|0x0000000785200000, 0x0000000785200000, 0x0000000785300000|  0%| F|  |TAMS 0x0000000785200000, 0x0000000785200000| Untracked 
|  83|0x0000000785300000, 0x0000000785300000, 0x0000000785400000|  0%| F|  |TAMS 0x0000000785300000, 0x0000000785300000| Untracked 
|  84|0x0000000785400000, 0x0000000785400000, 0x0000000785500000|  0%| F|  |TAMS 0x0000000785400000, 0x0000000785400000| Untracked 
|  85|0x0000000785500000, 0x0000000785500000, 0x0000000785600000|  0%| F|  |TAMS 0x0000000785500000, 0x0000000785500000| Untracked 
|  86|0x0000000785600000, 0x0000000785600000, 0x0000000785700000|  0%| F|  |TAMS 0x0000000785600000, 0x0000000785600000| Untracked 
|  87|0x0000000785700000, 0x0000000785700000, 0x0000000785800000|  0%| F|  |TAMS 0x0000000785700000, 0x0000000785700000| Untracked 
|  88|0x0000000785800000, 0x0000000785800000, 0x0000000785900000|  0%| F|  |TAMS 0x0000000785800000, 0x0000000785800000| Untracked 
|  89|0x0000000785900000, 0x0000000785900000, 0x0000000785a00000|  0%| F|  |TAMS 0x0000000785900000, 0x0000000785900000| Untracked 
|  90|0x0000000785a00000, 0x0000000785a00000, 0x0000000785b00000|  0%| F|  |TAMS 0x0000000785a00000, 0x0000000785a00000| Untracked 
|  91|0x0000000785b00000, 0x0000000785b00000, 0x0000000785c00000|  0%| F|  |TAMS 0x0000000785b00000, 0x0000000785b00000| Untracked 
|  92|0x0000000785c00000, 0x0000000785c00000, 0x0000000785d00000|  0%| F|  |TAMS 0x0000000785c00000, 0x0000000785c00000| Untracked 
|  93|0x0000000785d00000, 0x0000000785d00000, 0x0000000785e00000|  0%| F|  |TAMS 0x0000000785d00000, 0x0000000785d00000| Untracked 
|  94|0x0000000785e00000, 0x0000000785e00000, 0x0000000785f00000|  0%| F|  |TAMS 0x0000000785e00000, 0x0000000785e00000| Untracked 
|  95|0x0000000785f00000, 0x0000000785f00000, 0x0000000786000000|  0%| F|  |TAMS 0x0000000785f00000, 0x0000000785f00000| Untracked 
|  96|0x0000000786000000, 0x0000000786000000, 0x0000000786100000|  0%| F|  |TAMS 0x0000000786000000, 0x0000000786000000| Untracked 
|  97|0x0000000786100000, 0x0000000786100000, 0x0000000786200000|  0%| F|  |TAMS 0x0000000786100000, 0x0000000786100000| Untracked 
|  98|0x0000000786200000, 0x0000000786200000, 0x0000000786300000|  0%| F|  |TAMS 0x0000000786200000, 0x0000000786200000| Untracked 
|  99|0x0000000786300000, 0x0000000786300000, 0x0000000786400000|  0%| F|  |TAMS 0x0000000786300000, 0x0000000786300000| Untracked 
| 100|0x0000000786400000, 0x0000000786400000, 0x0000000786500000|  0%| F|  |TAMS 0x0000000786400000, 0x0000000786400000| Untracked 
| 101|0x0000000786500000, 0x0000000786500000, 0x0000000786600000|  0%| F|  |TAMS 0x0000000786500000, 0x0000000786500000| Untracked 
| 102|0x0000000786600000, 0x0000000786600000, 0x0000000786700000|  0%| F|  |TAMS 0x0000000786600000, 0x0000000786600000| Untracked 
| 103|0x0000000786700000, 0x0000000786700000, 0x0000000786800000|  0%| F|  |TAMS 0x0000000786700000, 0x0000000786700000| Untracked 
| 104|0x0000000786800000, 0x0000000786800000, 0x0000000786900000|  0%| F|  |TAMS 0x0000000786800000, 0x0000000786800000| Untracked 
| 105|0x0000000786900000, 0x0000000786900000, 0x0000000786a00000|  0%| F|  |TAMS 0x0000000786900000, 0x0000000786900000| Untracked 
| 106|0x0000000786a00000, 0x0000000786aa7610, 0x0000000786b00000| 65%| S|CS|TAMS 0x0000000786a00000, 0x0000000786a00000| Complete 
| 107|0x0000000786b00000, 0x0000000786b00000, 0x0000000786c00000|  0%| F|  |TAMS 0x0000000786b00000, 0x0000000786b00000| Untracked 
| 108|0x0000000786c00000, 0x0000000786c00000, 0x0000000786d00000|  0%| F|  |TAMS 0x0000000786c00000, 0x0000000786c00000| Untracked 
| 109|0x0000000786d00000, 0x0000000786d00000, 0x0000000786e00000|  0%| F|  |TAMS 0x0000000786d00000, 0x0000000786d00000| Untracked 
| 110|0x0000000786e00000, 0x0000000786e00000, 0x0000000786f00000|  0%| F|  |TAMS 0x0000000786e00000, 0x0000000786e00000| Untracked 
| 111|0x0000000786f00000, 0x0000000786f00000, 0x0000000787000000|  0%| F|  |TAMS 0x0000000786f00000, 0x0000000786f00000| Untracked 
| 112|0x0000000787000000, 0x0000000787000000, 0x0000000787100000|  0%| F|  |TAMS 0x0000000787000000, 0x0000000787000000| Untracked 
| 113|0x0000000787100000, 0x0000000787100000, 0x0000000787200000|  0%| F|  |TAMS 0x0000000787100000, 0x0000000787100000| Untracked 
| 114|0x0000000787200000, 0x0000000787200000, 0x0000000787300000|  0%| F|  |TAMS 0x0000000787200000, 0x0000000787200000| Untracked 
| 115|0x0000000787300000, 0x0000000787300000, 0x0000000787400000|  0%| F|  |TAMS 0x0000000787300000, 0x0000000787300000| Untracked 
| 116|0x0000000787400000, 0x0000000787400000, 0x0000000787500000|  0%| F|  |TAMS 0x0000000787400000, 0x0000000787400000| Untracked 
| 117|0x0000000787500000, 0x0000000787500000, 0x0000000787600000|  0%| F|  |TAMS 0x0000000787500000, 0x0000000787500000| Untracked 
| 118|0x0000000787600000, 0x0000000787600000, 0x0000000787700000|  0%| F|  |TAMS 0x0000000787600000, 0x0000000787600000| Untracked 
| 119|0x0000000787700000, 0x0000000787800000, 0x0000000787800000|100%| E|  |TAMS 0x0000000787700000, 0x0000000787700000| Complete 
| 120|0x0000000787800000, 0x0000000787900000, 0x0000000787900000|100%| E|CS|TAMS 0x0000000787800000, 0x0000000787800000| Complete 
| 121|0x0000000787900000, 0x0000000787a00000, 0x0000000787a00000|100%| E|CS|TAMS 0x0000000787900000, 0x0000000787900000| Complete 
| 122|0x0000000787a00000, 0x0000000787b00000, 0x0000000787b00000|100%| E|CS|TAMS 0x0000000787a00000, 0x0000000787a00000| Complete 
| 123|0x0000000787b00000, 0x0000000787c00000, 0x0000000787c00000|100%| E|CS|TAMS 0x0000000787b00000, 0x0000000787b00000| Complete 
| 124|0x0000000787c00000, 0x0000000787d00000, 0x0000000787d00000|100%| E|CS|TAMS 0x0000000787c00000, 0x0000000787c00000| Complete 
| 125|0x0000000787d00000, 0x0000000787e00000, 0x0000000787e00000|100%| E|CS|TAMS 0x0000000787d00000, 0x0000000787d00000| Complete 
| 126|0x0000000787e00000, 0x0000000787f00000, 0x0000000787f00000|100%| E|CS|TAMS 0x0000000787e00000, 0x0000000787e00000| Complete 
| 127|0x0000000787f00000, 0x0000000788000000, 0x0000000788000000|100%| E|CS|TAMS 0x0000000787f00000, 0x0000000787f00000| Complete 
|1022|0x00000007bfe00000, 0x00000007bfe51000, 0x00000007bff00000| 31%|OA|  |TAMS 0x00000007bfe00000, 0x00000007bfe00000| Untracked 
|1023|0x00000007bff00000, 0x00000007bff7b000, 0x00000007c0000000| 48%|CA|  |TAMS 0x00000007bff00000, 0x00000007bff00000| Untracked 

Card table byte_map: [0x0000000103fe2000,0x00000001043e2000] _byte_map_base: 0x00000001003e2000

Marking Bits (Prev, Next): (CMBitMap*) 0x00007fa047002c18, (CMBitMap*) 0x00007fa047002c58
 Prev Bits: [0x00000001047e2000, 0x00000001067e2000)
 Next Bits: [0x00000001067e2000, 0x00000001087e2000)

Polling page: 0x0000000102d7b000

Metaspace:

Usage:
  Non-class:      6.59 MB capacity,     5.46 MB ( 83%) used,     1.13 MB ( 17%) free+waste,    11.44 KB ( <1%) overhead. 
      Class:    730.00 KB capacity,   580.14 KB ( 79%) used,   143.98 KB ( 20%) free+waste,     5.88 KB ( <1%) overhead. 
       Both:      7.31 MB capacity,     6.02 MB ( 82%) used,     1.27 MB ( 17%) free+waste,    17.31 KB ( <1%) overhead. 

Virtual space:
  Non-class space:        8.00 MB reserved,       6.75 MB ( 84%) committed 
      Class space:        1.00 GB reserved,     768.00 KB ( <1%) committed 
             Both:        1.01 GB reserved,       7.50 MB ( <1%) committed 

Chunk freelists:
   Non-Class:  3.00 KB
       Class:  0 bytes
        Both:  3.00 KB

MaxMetaspaceSize: unlimited
CompressedClassSpaceSize: 1.00 GB

CodeHeap 'non-profiled nmethods': size=120032Kb used=333Kb max_used=333Kb free=119698Kb
 bounds [0x000000011a720000, 0x000000011a990000, 0x0000000121c58000]
CodeHeap 'profiled nmethods': size=120028Kb used=1673Kb max_used=1673Kb free=118355Kb
 bounds [0x00000001131e9000, 0x0000000113459000, 0x000000011a720000]
CodeHeap 'non-nmethods': size=5700Kb used=1174Kb max_used=1193Kb free=4525Kb
 bounds [0x0000000112c58000, 0x0000000112ec8000, 0x00000001131e9000]
 total_blobs=1591 nmethods=932 adapters=349
 compilation: enabled
              stopped_count=0, restarted_count=0
 full_count=0

Compilation events (20 events):
Event: 2.312 Thread 0x00007fa046832000  929       2       java.lang.Integer::numberOfLeadingZeros (79 bytes)
Event: 2.313 Thread 0x00007fa046832000 nmethod 929 0x0000000113387510 code [0x00000001133876a0, 0x00000001133877f0]
Event: 2.329 Thread 0x00007fa046832000  933       2       java.lang.Class::resolveName (86 bytes)
Event: 2.331 Thread 0x00007fa046832000 nmethod 933 0x0000000113387890 code [0x0000000113387ac0, 0x0000000113388070]
Event: 2.331 Thread 0x00007fa046832000  935       2       org.bytedeco.javacpp.Loader::findResources (338 bytes)
Event: 2.336 Thread 0x00007fa046832000 nmethod 935 0x0000000113388410 code [0x0000000113388800, 0x0000000113389e80]
Event: 2.336 Thread 0x00007fa046832000  934       2       org.bytedeco.javacpp.Loader::findResource (20 bytes)
Event: 2.336 Thread 0x00007fa046832000 nmethod 934 0x000000011338ac10 code [0x000000011338ada0, 0x000000011338aee0]
Event: 2.368 Thread 0x00007fa046832000  941       2       java.net.URI::match (56 bytes)
Event: 2.368 Thread 0x00007fa046832000 nmethod 941 0x000000011338b010 code [0x000000011338b1a0, 0x000000011338b350]
Event: 2.428 Thread 0x00007fa046831000 nmethod 922 0x000000011a768210 code [0x000000011a768740, 0x000000011a76b3b8]
Event: 2.428 Thread 0x00007fa046831000  927       4       java.io.UnixFileSystem::normalize (75 bytes)
Event: 2.434 Thread 0x00007fa046831000 nmethod 927 0x000000011a76c810 code [0x000000011a76c9c0, 0x000000011a76cc48]
Event: 2.434 Thread 0x00007fa046831000  928       4       java.nio.MappedByteBuffer::position (6 bytes)
Event: 2.435 Thread 0x00007fa046831000 nmethod 928 0x000000011a76ce10 code [0x000000011a76cfa0, 0x000000011a76d0b8]
Event: 2.435 Thread 0x00007fa046831000  930       4       java.nio.DirectByteBuffer::<init> (55 bytes)
Event: 2.441 Thread 0x00007fa046831000 nmethod 930 0x000000011a76d210 code [0x000000011a76d420, 0x000000011a76da78]
Event: 2.441 Thread 0x00007fa046831000  931       4       java.nio.MappedByteBuffer::limit (6 bytes)
Event: 2.443 Thread 0x00007fa046831000 nmethod 931 0x000000011a76df10 code [0x000000011a76e0c0, 0x000000011a76e218]
Event: 2.443 Thread 0x00007fa046831000  932       4       java.nio.MappedByteBuffer::position (6 bytes)

GC Heap History (4 events):
Event: 1.934 GC heap before
{Heap before GC invocations=0 (full 0):
 garbage-first heap   total 133120K, used 15152K [0x0000000780000000, 0x0000000800000000)
  region size 1024K, 13 young (13312K), 0 survivors (0K)
 Metaspace       used 3545K, capacity 5372K, committed 5760K, reserved 1056768K
  class space    used 345K, capacity 516K, committed 640K, reserved 1048576K
}
Event: 1.938 GC heap after
{Heap after GC invocations=1 (full 0):
 garbage-first heap   total 133120K, used 3725K [0x0000000780000000, 0x0000000800000000)
  region size 1024K, 2 young (2048K), 2 survivors (2048K)
 Metaspace       used 3545K, capacity 5372K, committed 5760K, reserved 1056768K
  class space    used 345K, capacity 516K, committed 640K, reserved 1048576K
}
Event: 2.299 GC heap before
{Heap before GC invocations=1 (full 0):
 garbage-first heap   total 133120K, used 23181K [0x0000000780000000, 0x0000000800000000)
  region size 1024K, 21 young (21504K), 2 survivors (2048K)
 Metaspace       used 6158K, capacity 7483K, committed 7680K, reserved 1056768K
  class space    used 580K, capacity 730K, committed 768K, reserved 1048576K
}
Event: 2.307 GC heap after
{Heap after GC invocations=2 (full 0):
 garbage-first heap   total 133120K, used 4330K [0x0000000780000000, 0x0000000800000000)
  region size 1024K, 1 young (1024K), 1 survivors (1024K)
 Metaspace       used 6158K, capacity 7483K, committed 7680K, reserved 1056768K
  class space    used 580K, capacity 730K, committed 768K, reserved 1048576K
}

Deoptimization events (20 events):
Event: 2.042 Thread 0x00007fa04681d800 DEOPT PACKING pc=0x000000011322efe8 sp=0x0000000102d69160
Event: 2.042 Thread 0x00007fa04681d800 DEOPT UNPACKING pc=0x0000000112ca162b sp=0x0000000102d685d0 mode 0
Event: 2.085 Thread 0x00007fa04681d800 DEOPT PACKING pc=0x00000001132cb955 sp=0x0000000102d6aa50
Event: 2.085 Thread 0x00007fa04681d800 DEOPT UNPACKING pc=0x0000000112ca162b sp=0x0000000102d69ed0 mode 0
Event: 2.178 Thread 0x00007fa04681d800 Uncommon trap: trap_request=0xffffffc6 fr.pc=0x000000011a75c8c4 relative=0x0000000000001224
Event: 2.178 Thread 0x00007fa04681d800 Uncommon trap: reason=bimorphic_or_optimized_type_check action=maybe_recompile pc=0x000000011a75c8c4 method=java.util.HashMap.putVal(ILjava/lang/Object;Ljava/lang/Object;ZZ)Ljava/lang/Object; @ 56 c2
Event: 2.178 Thread 0x00007fa04681d800 DEOPT PACKING pc=0x000000011a75c8c4 sp=0x0000000102d6b4a0
Event: 2.178 Thread 0x00007fa04681d800 DEOPT UNPACKING pc=0x0000000112ca111f sp=0x0000000102d6b428 mode 2
Event: 2.179 Thread 0x00007fa04681d800 Uncommon trap: trap_request=0xffffffc6 fr.pc=0x000000011a75c8c4 relative=0x0000000000001224
Event: 2.179 Thread 0x00007fa04681d800 Uncommon trap: reason=bimorphic_or_optimized_type_check action=maybe_recompile pc=0x000000011a75c8c4 method=java.util.HashMap.putVal(ILjava/lang/Object;Ljava/lang/Object;ZZ)Ljava/lang/Object; @ 56 c2
Event: 2.179 Thread 0x00007fa04681d800 DEOPT PACKING pc=0x000000011a75c8c4 sp=0x0000000102d6b4a0
Event: 2.179 Thread 0x00007fa04681d800 DEOPT UNPACKING pc=0x0000000112ca111f sp=0x0000000102d6b428 mode 2
Event: 2.179 Thread 0x00007fa04681d800 Uncommon trap: trap_request=0xffffffc6 fr.pc=0x000000011a75c8c4 relative=0x0000000000001224
Event: 2.179 Thread 0x00007fa04681d800 Uncommon trap: reason=bimorphic_or_optimized_type_check action=maybe_recompile pc=0x000000011a75c8c4 method=java.util.HashMap.putVal(ILjava/lang/Object;Ljava/lang/Object;ZZ)Ljava/lang/Object; @ 56 c2
Event: 2.179 Thread 0x00007fa04681d800 DEOPT PACKING pc=0x000000011a75c8c4 sp=0x0000000102d6b420
Event: 2.179 Thread 0x00007fa04681d800 DEOPT UNPACKING pc=0x0000000112ca111f sp=0x0000000102d6b3a8 mode 2
Event: 2.179 Thread 0x00007fa04681d800 Uncommon trap: trap_request=0xffffffc6 fr.pc=0x000000011a75c8c4 relative=0x0000000000001224
Event: 2.179 Thread 0x00007fa04681d800 Uncommon trap: reason=bimorphic_or_optimized_type_check action=maybe_recompile pc=0x000000011a75c8c4 method=java.util.HashMap.putVal(ILjava/lang/Object;Ljava/lang/Object;ZZ)Ljava/lang/Object; @ 56 c2
Event: 2.179 Thread 0x00007fa04681d800 DEOPT PACKING pc=0x000000011a75c8c4 sp=0x0000000102d6b4a0
Event: 2.179 Thread 0x00007fa04681d800 DEOPT UNPACKING pc=0x0000000112ca111f sp=0x0000000102d6b428 mode 2

Classes unloaded (0 events):
No events

Classes redefined (0 events):
No events

Internal exceptions (12 events):
Event: 0.625 Thread 0x00007fa04681d800 Exception <a 'java/lang/ClassNotFoundException'{0x0000000787de8458}: sun/awt/resources/spi/awtProvider> (0x0000000787de8458) 
thrown [./open/src/hotspot/share/classfile/systemDictionary.cpp, line 226]
Event: 1.192 Thread 0x00007fa04681d800 Exception <a 'java/io/FileNotFoundException'{0x0000000787c34328}> (0x0000000787c34328) 
thrown [./open/src/hotspot/share/prims/jni.cpp, line 599]
Event: 1.202 Thread 0x00007fa04681d800 Exception <a 'java/io/FileNotFoundException'{0x0000000787c5a7e8}> (0x0000000787c5a7e8) 
thrown [./open/src/hotspot/share/prims/jni.cpp, line 599]
Event: 1.876 Thread 0x00007fa04681d800 Exception <a 'java/lang/UnsatisfiedLinkError'{0x0000000787365f20}: dlopen(libcudart.dylib, 9): image not found> (0x0000000787365f20) 
thrown [./open/src/hotspot/share/prims/jni.cpp, line 620]
Event: 1.877 Thread 0x00007fa04681d800 Exception <a 'java/lang/UnsatisfiedLinkError'{0x0000000787366ac8}: dlopen(libcudart.dylib, 9): image not found> (0x0000000787366ac8) 
thrown [./open/src/hotspot/share/prims/jni.cpp, line 620]
Event: 1.886 Thread 0x00007fa04681d800 Exception <a 'java/lang/UnsatisfiedLinkError'{0x00000007873678b0}: dlopen(/Users/alexander/Library/Frameworks/cudart.framework/cudart, 9): image not found> (0x00000007873678b0) 
thrown [./open/src/hotspot/share/prims/jni.cpp, line 620]
Event: 1.886 Thread 0x00007fa04681d800 Exception <a 'java/lang/UnsatisfiedLinkError'{0x0000000787367f38}: dlopen(/Library/Frameworks/cudart.framework/cudart, 9): image not found> (0x0000000787367f38) 
thrown [./open/src/hotspot/share/prims/jni.cpp, line 620]
Event: 1.886 Thread 0x00007fa04681d800 Exception <a 'java/lang/UnsatisfiedLinkError'{0x00000007873685c0}: dlopen(/System/Library/Frameworks/cudart.framework/cudart, 9): image not found> (0x00000007873685c0) 
thrown [./open/src/hotspot/share/prims/jni.cpp, line 620]
Event: 2.123 Thread 0x00007fa04681d800 Exception <a 'java/lang/NoSuchMethodError'{0x00000007879a24a8}: 'int java.lang.invoke.DirectMethodHandle$Holder.invokeStaticInit(java.lang.Object, java.lang.Object, java.lang.Object, java.lang.Object)'> (0x00000007879a24a8) 
thrown [./open/src/hotspot/share/interpreter/linkResolver.cpp, line 766]
Event: 2.124 Thread 0x00007fa04681d800 Exception <a 'java/lang/IncompatibleClassChangeError'{0x00000007879ab340}: Found class java.lang.Object, but interface was expected> (0x00000007879ab340) 
thrown [./open/src/hotspot/share/interpreter/linkResolver.cpp, line 832]
Event: 2.125 Thread 0x00007fa04681d800 Exception <a 'java/lang/NoSuchMethodError'{0x00000007879ae078}: 'void java.lang.invoke.DirectMethodHandle$Holder.invokeStaticInit(java.lang.Object, java.lang.Object)'> (0x00000007879ae078) 
thrown [./open/src/hotspot/share/interpreter/linkResolver.cpp, line 766]
Event: 2.126 Thread 0x00007fa04681d800 Exception <a 'java/lang/NoSuchMethodError'{0x00000007879b33b0}: 'int java.lang.invoke.DirectMethodHandle$Holder.invokeStaticInit(java.lang.Object, java.lang.Object)'> (0x00000007879b33b0) 
thrown [./open/src/hotspot/share/interpreter/linkResolver.cpp, line 766]

Events (20 events):
Event: 2.162 loading class java/lang/reflect/ProxyGenerator
Event: 2.163 loading class java/lang/reflect/ProxyGenerator done
Event: 2.163 loading class java/lang/reflect/ProxyGenerator$ProxyMethod
Event: 2.163 loading class java/lang/reflect/ProxyGenerator$ProxyMethod done
Event: 2.164 loading class java/lang/reflect/ProxyGenerator$PrimitiveTypeInfo
Event: 2.164 loading class java/lang/reflect/ProxyGenerator$PrimitiveTypeInfo done
Event: 2.164 loading class jdk/internal/org/objectweb/asm/Edge
Event: 2.164 loading class jdk/internal/org/objectweb/asm/Edge done
Event: 2.166 loading class java/lang/reflect/Proxy$ProxyBuilder$1
Event: 2.166 loading class java/lang/reflect/Proxy$ProxyBuilder$1 done
Event: 2.166 loading class java/lang/annotation/Target
Event: 2.166 loading class java/lang/annotation/Target done
Event: 2.169 loading class java/lang/reflect/UndeclaredThrowableException
Event: 2.170 loading class java/lang/reflect/UndeclaredThrowableException done
Event: 2.170 loading class java/lang/Class$AnnotationData
Event: 2.170 loading class java/lang/Class$AnnotationData done
Event: 2.185 loading class java/lang/ClassLoaderHelper
Event: 2.185 loading class java/lang/ClassLoaderHelper done
Event: 2.299 Executing VM operation: G1CollectForAllocation
Event: 2.308 Executing VM operation: G1CollectForAllocation done


Dynamic libraries:
0x00007fff605e2000 	/usr/lib/libz.1.dylib
0x0000000101eb2000 	/Library/Java/JavaVirtualMachines/jdk-14.0.1.jdk/Contents/Home/lib/libjli.dylib
0x00007fff37f56000 	/System/Library/Frameworks/Cocoa.framework/Versions/A/Cocoa
0x00007fff445b9000 	/System/Library/Frameworks/Security.framework/Versions/A/Security
0x00007fff36b94000 	/System/Library/Frameworks/ApplicationServices.framework/Versions/A/ApplicationServices
0x00007fff5e490000 	/usr/lib/libSystem.B.dylib
0x00007fff60690000 	/usr/lib/system/libcache.dylib
0x00007fff60695000 	/usr/lib/system/libcommonCrypto.dylib
0x00007fff606a0000 	/usr/lib/system/libcompiler_rt.dylib
0x00007fff606a8000 	/usr/lib/system/libcopyfile.dylib
0x00007fff606b2000 	/usr/lib/system/libcorecrypto.dylib
0x00007fff607bf000 	/usr/lib/system/libdispatch.dylib
0x00007fff607f9000 	/usr/lib/system/libdyld.dylib
0x00007fff60817000 	/usr/lib/system/libkeymgr.dylib
0x00007fff60825000 	/usr/lib/system/liblaunch.dylib
0x00007fff60826000 	/usr/lib/system/libmacho.dylib
0x00007fff6082b000 	/usr/lib/system/libquarantine.dylib
0x00007fff6082e000 	/usr/lib/system/libremovefile.dylib
0x00007fff60830000 	/usr/lib/system/libsystem_asl.dylib
0x00007fff60848000 	/usr/lib/system/libsystem_blocks.dylib
0x00007fff60849000 	/usr/lib/system/libsystem_c.dylib
0x00007fff608d3000 	/usr/lib/system/libsystem_configuration.dylib
0x00007fff608d7000 	/usr/lib/system/libsystem_coreservices.dylib
0x00007fff608db000 	/usr/lib/system/libsystem_darwin.dylib
0x00007fff608dd000 	/usr/lib/system/libsystem_dnssd.dylib
0x00007fff608e4000 	/usr/lib/system/libsystem_info.dylib
0x00007fff60955000 	/usr/lib/system/libsystem_m.dylib
0x00007fff609a1000 	/usr/lib/system/libsystem_malloc.dylib
0x00007fff609c1000 	/usr/lib/system/libsystem_network.dylib
0x00007fff60af2000 	/usr/lib/system/libsystem_networkextension.dylib
0x00007fff60afd000 	/usr/lib/system/libsystem_notify.dylib
0x00007fff60b1b000 	/usr/lib/system/libsystem_sandbox.dylib
0x00007fff60b1f000 	/usr/lib/system/libsystem_secinit.dylib
0x00007fff6092e000 	/usr/lib/system/libsystem_kernel.dylib
0x00007fff60b07000 	/usr/lib/system/libsystem_platform.dylib
0x00007fff60b0f000 	/usr/lib/system/libsystem_pthread.dylib
0x00007fff60b21000 	/usr/lib/system/libsystem_symptoms.dylib
0x00007fff60b29000 	/usr/lib/system/libsystem_trace.dylib
0x00007fff60b3f000 	/usr/lib/system/libunwind.dylib
0x00007fff60b45000 	/usr/lib/system/libxpc.dylib
0x00007fff5df56000 	/usr/lib/closure/libclosured.dylib
0x00007fff5fbcb000 	/usr/lib/libobjc.A.dylib
0x00007fff5e79f000 	/usr/lib/libc++abi.dylib
0x00007fff5e748000 	/usr/lib/libc++.1.dylib
0x00007fff38717000 	/System/Library/Frameworks/CoreFoundation.framework/Versions/A/CoreFoundation
0x00007fff3a893000 	/System/Library/Frameworks/Foundation.framework/Versions/C/Foundation
0x00007fff35ce4000 	/System/Library/Frameworks/AppKit.framework/Versions/C/AppKit
0x00007fff382ce000 	/System/Library/Frameworks/CoreData.framework/Versions/A/CoreData
0x00007fff57d43000 	/System/Library/PrivateFrameworks/RemoteViewServices.framework/Versions/A/RemoteViewServices
0x00007fff5c4c1000 	/System/Library/PrivateFrameworks/UIFoundation.framework/Versions/A/UIFoundation
0x00007fff4cad5000 	/System/Library/PrivateFrameworks/DFRFoundation.framework/Versions/A/DFRFoundation
0x00007fff3cf18000 	/System/Library/Frameworks/Metal.framework/Versions/A/Metal
0x00007fff4cc72000 	/System/Library/PrivateFrameworks/DesktopServicesPriv.framework/Versions/A/DesktopServicesPriv
0x00007fff5f118000 	/usr/lib/libenergytrace.dylib
0x00007fff5a52b000 	/System/Library/PrivateFrameworks/SkyLight.framework/Versions/A/SkyLight
0x00007fff38bb5000 	/System/Library/Frameworks/CoreGraphics.framework/Versions/A/CoreGraphics
0x00007fff5e48b000 	/usr/lib/libScreenReader.dylib
0x00007fff349f6000 	/System/Library/Frameworks/Accelerate.framework/Versions/A/Accelerate
0x00007fff3b00e000 	/System/Library/Frameworks/IOSurface.framework/Versions/A/IOSurface
0x00007fff370df000 	/System/Library/Frameworks/AudioToolbox.framework/Versions/A/AudioToolbox
0x00007fff3736f000 	/System/Library/Frameworks/AudioUnit.framework/Versions/A/AudioUnit
0x00007fff4cb6d000 	/System/Library/PrivateFrameworks/DataDetectorsCore.framework/Versions/A/DataDetectorsCore
0x00007fff37a49000 	/System/Library/Frameworks/Carbon.framework/Versions/A/Frameworks/HIToolbox.framework/Versions/A/HIToolbox
0x00007fff5f272000 	/usr/lib/libicucore.A.dylib
0x00007fff43b35000 	/System/Library/Frameworks/QuartzCore.framework/Versions/A/QuartzCore
0x00007fff597cc000 	/System/Library/PrivateFrameworks/SignpostNotification.framework/Versions/A/SignpostNotification
0x00007fff37e2f000 	/System/Library/Frameworks/Carbon.framework/Versions/A/Frameworks/SpeechRecognition.framework/Versions/A/SpeechRecognition
0x00007fff5e66e000 	/usr/lib/libauto.dylib
0x00007fff604d1000 	/usr/lib/libxml2.2.dylib
0x00007fff4c725000 	/System/Library/PrivateFrameworks/CoreUI.framework/Versions/A/CoreUI
0x00007fff381aa000 	/System/Library/Frameworks/CoreAudio.framework/Versions/A/CoreAudio
0x00007fff3a6cd000 	/System/Library/Frameworks/DiskArbitration.framework/Versions/A/DiskArbitration
0x00007fff5f4e6000 	/usr/lib/liblangid.dylib
0x00007fff54247000 	/System/Library/PrivateFrameworks/MultitouchSupport.framework/Versions/A/MultitouchSupport
0x00007fff3af71000 	/System/Library/Frameworks/IOKit.framework/Versions/A/IOKit
0x00007fff5e11a000 	/usr/lib/libDiagnosticMessagesClient.dylib
0x00007fff398aa000 	/System/Library/Frameworks/CoreServices.framework/Versions/A/CoreServices
0x00007fff55d7f000 	/System/Library/PrivateFrameworks/PerformanceAnalysis.framework/Versions/A/PerformanceAnalysis
0x00007fff42cd2000 	/System/Library/Frameworks/OpenGL.framework/Versions/A/OpenGL
0x00007fff37f64000 	/System/Library/Frameworks/ColorSync.framework/Versions/A/ColorSync
0x00007fff391e6000 	/System/Library/Frameworks/CoreImage.framework/Versions/A/CoreImage
0x00007fff3a23b000 	/System/Library/Frameworks/CoreText.framework/Versions/A/CoreText
0x00007fff3b06c000 	/System/Library/Frameworks/ImageIO.framework/Versions/A/ImageIO
0x00007fff493cf000 	/System/Library/PrivateFrameworks/Backup.framework/Versions/A/Backup
0x00007fff5e53c000 	/usr/lib/libarchive.2.dylib
0x00007fff37692000 	/System/Library/Frameworks/CFNetwork.framework/Versions/A/CFNetwork
0x00007fff44d4c000 	/System/Library/Frameworks/SystemConfiguration.framework/Versions/A/SystemConfiguration
0x00007fff5e043000 	/usr/lib/libCRFSuite.dylib
0x00007fff5e729000 	/usr/lib/libbsm.0.dylib
0x00007fff60818000 	/usr/lib/system/libkxld.dylib
0x00007fff5e354000 	/usr/lib/libOpenScriptingUtil.dylib
0x00007fff5ea98000 	/usr/lib/libcoretls.dylib
0x00007fff5eab1000 	/usr/lib/libcoretls_cfhelpers.dylib
0x00007fff5ffcf000 	/usr/lib/libpam.2.dylib
0x00007fff600fa000 	/usr/lib/libsqlite3.dylib
0x00007fff604c0000 	/usr/lib/libxar.1.dylib
0x00007fff5e73a000 	/usr/lib/libbz2.1.0.dylib
0x00007fff5f4e8000 	/usr/lib/liblzma.5.dylib
0x00007fff5f9c9000 	/usr/lib/libnetwork.dylib
0x00007fff5e525000 	/usr/lib/libapple_nghttp2.dylib
0x00007fff5ffd6000 	/usr/lib/libpcap.A.dylib
0x00007fff5e66f000 	/usr/lib/libboringssl.dylib
0x00007fff6045b000 	/usr/lib/libusrtcp.dylib
0x00007fff5e524000 	/usr/lib/libapple_crypto.dylib
0x00007fff39c2d000 	/System/Library/Frameworks/CoreServices.framework/Versions/A/Frameworks/FSEvents.framework/Versions/A/FSEvents
0x00007fff39920000 	/System/Library/Frameworks/CoreServices.framework/Versions/A/Frameworks/CarbonCore.framework/Versions/A/CarbonCore
0x00007fff39df5000 	/System/Library/Frameworks/CoreServices.framework/Versions/A/Frameworks/Metadata.framework/Versions/A/Metadata
0x00007fff39ea6000 	/System/Library/Frameworks/CoreServices.framework/Versions/A/Frameworks/OSServices.framework/Versions/A/OSServices
0x00007fff39f07000 	/System/Library/Frameworks/CoreServices.framework/Versions/A/Frameworks/SearchKit.framework/Versions/A/SearchKit
0x00007fff398ab000 	/System/Library/Frameworks/CoreServices.framework/Versions/A/Frameworks/AE.framework/Versions/A/AE
0x00007fff39c36000 	/System/Library/Frameworks/CoreServices.framework/Versions/A/Frameworks/LaunchServices.framework/Versions/A/LaunchServices
0x00007fff39bf8000 	/System/Library/Frameworks/CoreServices.framework/Versions/A/Frameworks/DictionaryServices.framework/Versions/A/DictionaryServices
0x00007fff39f76000 	/System/Library/Frameworks/CoreServices.framework/Versions/A/Frameworks/SharedFileList.framework/Versions/A/SharedFileList
0x00007fff3e14e000 	/System/Library/Frameworks/NetFS.framework/Versions/A/NetFS
0x00007fff544d8000 	/System/Library/PrivateFrameworks/NetAuth.framework/Versions/A/NetAuth
0x00007fff5dded000 	/System/Library/PrivateFrameworks/login.framework/Versions/A/Frameworks/loginsupport.framework/Versions/A/loginsupport
0x00007fff5c13e000 	/System/Library/PrivateFrameworks/TCC.framework/Versions/A/TCC
0x00007fff5f5c9000 	/usr/lib/libmecabra.dylib
0x00007fff36b95000 	/System/Library/Frameworks/ApplicationServices.framework/Versions/A/Frameworks/ATS.framework/Versions/A/ATS
0x00007fff36f44000 	/System/Library/Frameworks/ApplicationServices.framework/Versions/A/Frameworks/ColorSyncLegacy.framework/Versions/A/ColorSyncLegacy
0x00007fff36fe8000 	/System/Library/Frameworks/ApplicationServices.framework/Versions/A/Frameworks/HIServices.framework/Versions/A/HIServices
0x00007fff3703b000 	/System/Library/Frameworks/ApplicationServices.framework/Versions/A/Frameworks/LangAnalysis.framework/Versions/A/LangAnalysis
0x00007fff3704a000 	/System/Library/Frameworks/ApplicationServices.framework/Versions/A/Frameworks/PrintCore.framework/Versions/A/PrintCore
0x00007fff37097000 	/System/Library/Frameworks/ApplicationServices.framework/Versions/A/Frameworks/QD.framework/Versions/A/QD
0x00007fff370d2000 	/System/Library/Frameworks/ApplicationServices.framework/Versions/A/Frameworks/SpeechSynthesis.framework/Versions/A/SpeechSynthesis
0x00007fff38633000 	/System/Library/Frameworks/CoreDisplay.framework/Versions/A/CoreDisplay
0x00007fff34a0f000 	/System/Library/Frameworks/Accelerate.framework/Versions/A/Frameworks/vImage.framework/Versions/A/vImage
0x00007fff359f0000 	/System/Library/Frameworks/Accelerate.framework/Versions/A/Frameworks/vecLib.framework/Versions/A/vecLib
0x00007fff357c5000 	/System/Library/Frameworks/Accelerate.framework/Versions/A/Frameworks/vecLib.framework/Versions/A/libvDSP.dylib
0x00007fff352ff000 	/System/Library/Frameworks/Accelerate.framework/Versions/A/Frameworks/vecLib.framework/Versions/A/libBNNS.dylib
0x00007fff3572b000 	/System/Library/Frameworks/Accelerate.framework/Versions/A/Frameworks/vecLib.framework/Versions/A/libQuadrature.dylib
0x00007fff35939000 	/System/Library/Frameworks/Accelerate.framework/Versions/A/Frameworks/vecLib.framework/Versions/A/libvMisc.dylib
0x00007fff3533a000 	/System/Library/Frameworks/Accelerate.framework/Versions/A/Frameworks/vecLib.framework/Versions/A/libLAPACK.dylib
0x00007fff3515e000 	/System/Library/Frameworks/Accelerate.framework/Versions/A/Frameworks/vecLib.framework/Versions/A/libBLAS.dylib
0x00007fff35714000 	/System/Library/Frameworks/Accelerate.framework/Versions/A/Frameworks/vecLib.framework/Versions/A/libLinearAlgebra.dylib
0x00007fff35731000 	/System/Library/Frameworks/Accelerate.framework/Versions/A/Frameworks/vecLib.framework/Versions/A/libSparse.dylib
0x00007fff357b2000 	/System/Library/Frameworks/Accelerate.framework/Versions/A/Frameworks/vecLib.framework/Versions/A/libSparseBLAS.dylib
0x00007fff512ac000 	/System/Library/PrivateFrameworks/GPUWrangler.framework/Versions/A/GPUWrangler
0x00007fff52a40000 	/System/Library/PrivateFrameworks/IOAccelerator.framework/Versions/A/IOAccelerator
0x00007fff52a4b000 	/System/Library/PrivateFrameworks/IOPresentment.framework/Versions/A/IOPresentment
0x00007fff4cae7000 	/System/Library/PrivateFrameworks/DSExternalDisplay.framework/Versions/A/DSExternalDisplay
0x00007fff42151000 	/System/Library/Frameworks/OpenGL.framework/Versions/A/Libraries/libCoreFSCache.dylib
0x00007fff3a38c000 	/System/Library/Frameworks/CoreVideo.framework/Versions/A/CoreVideo
0x00007fff52027000 	/System/Library/PrivateFrameworks/GraphVisualizer.framework/Versions/A/GraphVisualizer
0x00007fff3d14f000 	/System/Library/Frameworks/MetalPerformanceShaders.framework/Versions/A/MetalPerformanceShaders
0x00007fff5e152000 	/usr/lib/libFosl_dynamic.dylib
0x00007fff4dbb6000 	/System/Library/PrivateFrameworks/FaceCore.framework/Versions/A/FaceCore
0x00007fff40f4c000 	/System/Library/Frameworks/OpenCL.framework/Versions/A/OpenCL
0x00007fff5e7d6000 	/usr/lib/libcompression.dylib
0x00007fff36c94000 	/System/Library/Frameworks/ApplicationServices.framework/Versions/A/Frameworks/ATS.framework/Versions/A/Resources/libFontParser.dylib
0x00007fff36db7000 	/System/Library/Frameworks/ApplicationServices.framework/Versions/A/Frameworks/ATS.framework/Versions/A/Resources/libFontRegistry.dylib
0x00007fff3b2d8000 	/System/Library/Frameworks/ImageIO.framework/Versions/A/Resources/libJPEG.dylib
0x00007fff3b616000 	/System/Library/Frameworks/ImageIO.framework/Versions/A/Resources/libTIFF.dylib
0x00007fff3b5ec000 	/System/Library/Frameworks/ImageIO.framework/Versions/A/Resources/libPng.dylib
0x00007fff3b1eb000 	/System/Library/Frameworks/ImageIO.framework/Versions/A/Resources/libGIF.dylib
0x00007fff3b1f0000 	/System/Library/Frameworks/ImageIO.framework/Versions/A/Resources/libJP2.dylib
0x00007fff3b613000 	/System/Library/Frameworks/ImageIO.framework/Versions/A/Resources/libRadiance.dylib
0x00007fff48af9000 	/System/Library/PrivateFrameworks/AppleJPEG.framework/Versions/A/AppleJPEG
0x00007fff3cfb6000 	/System/Library/Frameworks/MetalPerformanceShaders.framework/Frameworks/MPSCore.framework/Versions/A/MPSCore
0x00007fff3cfd2000 	/System/Library/Frameworks/MetalPerformanceShaders.framework/Frameworks/MPSImage.framework/Versions/A/MPSImage
0x00007fff3d067000 	/System/Library/Frameworks/MetalPerformanceShaders.framework/Frameworks/MPSNeuralNetwork.framework/Versions/A/MPSNeuralNetwork
0x00007fff3d042000 	/System/Library/Frameworks/MetalPerformanceShaders.framework/Frameworks/MPSMatrix.framework/Versions/A/MPSMatrix
0x00007fff53f43000 	/System/Library/PrivateFrameworks/MetalTools.framework/Versions/A/MetalTools
0x00007fff4231c000 	/System/Library/Frameworks/OpenGL.framework/Versions/A/Libraries/libGLU.dylib
0x00007fff4215c000 	/System/Library/Frameworks/OpenGL.framework/Versions/A/Libraries/libGFXShared.dylib
0x00007fff42166000 	/System/Library/Frameworks/OpenGL.framework/Versions/A/Libraries/libGL.dylib
0x00007fff42172000 	/System/Library/Frameworks/OpenGL.framework/Versions/A/Libraries/libGLImage.dylib
0x00007fff4214e000 	/System/Library/Frameworks/OpenGL.framework/Versions/A/Libraries/libCVMSPluginSupport.dylib
0x00007fff42157000 	/System/Library/Frameworks/OpenGL.framework/Versions/A/Libraries/libCoreVMClient.dylib
0x00007fff5ef83000 	/usr/lib/libcups.2.dylib
0x00007fff3c51d000 	/System/Library/Frameworks/Kerberos.framework/Versions/A/Kerberos
0x00007fff3accb000 	/System/Library/Frameworks/GSS.framework/Versions/A/GSS
0x00007fff6008d000 	/usr/lib/libresolv.9.dylib
0x00007fff5f180000 	/usr/lib/libiconv.2.dylib
0x00007fff520b9000 	/System/Library/PrivateFrameworks/Heimdal.framework/Versions/A/Heimdal
0x00007fff5f14f000 	/usr/lib/libheimdal-asn1.dylib
0x00007fff40fc4000 	/System/Library/Frameworks/OpenDirectory.framework/Versions/A/OpenDirectory
0x00007fff4ae12000 	/System/Library/PrivateFrameworks/CommonAuth.framework/Versions/A/CommonAuth
0x00007fff40fa7000 	/System/Library/Frameworks/OpenDirectory.framework/Versions/A/Frameworks/CFOpenDirectory.framework/Versions/A/CFOpenDirectory
0x00007fff448e5000 	/System/Library/Frameworks/SecurityFoundation.framework/Versions/A/SecurityFoundation
0x00007fff47cb9000 	/System/Library/PrivateFrameworks/APFS.framework/Versions/A/APFS
0x00007fff604bc000 	/usr/lib/libutil.dylib
0x00007fff48b7c000 	/System/Library/PrivateFrameworks/AppleSauce.framework/Versions/A/AppleSauce
0x00007fff53228000 	/System/Library/PrivateFrameworks/LinguisticData.framework/Versions/A/LinguisticData
0x00007fff5f502000 	/usr/lib/libmarisa.dylib
0x00007fff531e2000 	/System/Library/PrivateFrameworks/Lexicon.framework/Versions/A/Lexicon
0x00007fff5e07d000 	/usr/lib/libChineseTokenizer.dylib
0x00007fff5e7c5000 	/usr/lib/libcmph.dylib
0x00007fff530ec000 	/System/Library/PrivateFrameworks/LanguageModeling.framework/Versions/A/LanguageModeling
0x00007fff4b92f000 	/System/Library/PrivateFrameworks/CoreEmoji.framework/Versions/A/CoreEmoji
0x00007fff449a3000 	/System/Library/Frameworks/ServiceManagement.framework/Versions/A/ServiceManagement
0x00007fff493c7000 	/System/Library/PrivateFrameworks/BackgroundTaskManagement.framework/Versions/A/BackgroundTaskManagement
0x00007fff605b9000 	/usr/lib/libxslt.1.dylib
0x00007fff37d59000 	/System/Library/Frameworks/Carbon.framework/Versions/A/Frameworks/Ink.framework/Versions/A/Ink
0x00007fff5c353000 	/System/Library/PrivateFrameworks/TextureIO.framework/Versions/A/TextureIO
0x00007fff5e567000 	/usr/lib/libate.dylib
0x00007fff4ca46000 	/System/Library/PrivateFrameworks/CrashReporterSupport.framework/Versions/A/CrashReporterSupport
0x00007fff5968c000 	/System/Library/PrivateFrameworks/Sharing.framework/Versions/A/Sharing
0x00007fff52e2d000 	/System/Library/PrivateFrameworks/IconServices.framework/Versions/A/IconServices
0x00007fff48ff7000 	/System/Library/PrivateFrameworks/AuthKit.framework/Versions/A/AuthKit
0x00007fff4897c000 	/System/Library/PrivateFrameworks/Apple80211.framework/Versions/A/Apple80211
0x00007fff4c85b000 	/System/Library/PrivateFrameworks/CoreUtils.framework/Versions/A/CoreUtils
0x00007fff3a3c7000 	/System/Library/Frameworks/CoreWLAN.framework/Versions/A/CoreWLAN
0x00007fff3ae0d000 	/System/Library/Frameworks/IOBluetooth.framework/Versions/A/IOBluetooth
0x00007fff57b4e000 	/System/Library/PrivateFrameworks/ProtocolBuffer.framework/Versions/A/ProtocolBuffer
0x00007fff541a2000 	/System/Library/PrivateFrameworks/MobileKeyBag.framework/Versions/A/MobileKeyBag
0x00007fff4c0d3000 	/System/Library/PrivateFrameworks/CorePhoneNumbers.framework/Versions/A/CorePhoneNumbers
0x00007fff48ab4000 	/System/Library/PrivateFrameworks/AppleIDAuthSupport.framework/Versions/A/AppleIDAuthSupport
0x00007fff530d8000 	/System/Library/PrivateFrameworks/KeychainCircle.framework/Versions/A/KeychainCircle
0x00007fff4c9e1000 	/System/Library/PrivateFrameworks/CoreWiFi.framework/Versions/A/CoreWiFi
0x00007fff382a4000 	/System/Library/Frameworks/CoreBluetooth.framework/Versions/A/CoreBluetooth
0x00007fff4cc31000 	/System/Library/PrivateFrameworks/DebugSymbols.framework/Versions/A/DebugSymbols
0x00007fff4c611000 	/System/Library/PrivateFrameworks/CoreSymbolication.framework/Versions/A/CoreSymbolication
0x00007fff5bb44000 	/System/Library/PrivateFrameworks/Symbolication.framework/Versions/A/Symbolication
0x00007fff489a6000 	/System/Library/PrivateFrameworks/AppleFSCompression.framework/Versions/A/AppleFSCompression
0x00007fff5af91000 	/System/Library/PrivateFrameworks/SpeechRecognitionCore.framework/Versions/A/SpeechRecognitionCore
0x00007fff309f1000 	/System/Library/CoreServices/Encodings/libLatin2Converter.dylib
0x0000000101ee3000 	/Library/Java/JavaVirtualMachines/jdk-14.0.1.jdk/Contents/Home/lib/server/libjvm.dylib
0x0000000102d70000 	/Library/Java/JavaVirtualMachines/jdk-14.0.1.jdk/Contents/Home/lib/libjimage.dylib
0x0000000102dc5000 	/Library/Java/JavaVirtualMachines/jdk-14.0.1.jdk/Contents/Home/lib/libjava.dylib
0x0000000102ded000 	/Library/Java/JavaVirtualMachines/jdk-14.0.1.jdk/Contents/Home/lib/libzip.dylib
0x0000000109586000 	/Library/Java/JavaVirtualMachines/jdk-14.0.1.jdk/Contents/Home/lib/libnio.dylib
0x0000000109599000 	/Library/Java/JavaVirtualMachines/jdk-14.0.1.jdk/Contents/Home/lib/./libnet.dylib
0x0000000109639000 	/Library/Java/JavaVirtualMachines/jdk-14.0.1.jdk/Contents/Home/lib/libverify.dylib
0x0000000109648000 	/Library/Java/JavaVirtualMachines/jdk-14.0.1.jdk/Contents/Home/lib/libawt.dylib
0x00000001096e4000 	/Library/Java/JavaVirtualMachines/jdk-14.0.1.jdk/Contents/Home/lib/./libmlib_image.dylib
0x00007fff3c506000 	/System/Library/Frameworks/JavaVM.framework/Versions/A/Frameworks/JavaNativeFoundation.framework/Versions/A/JavaNativeFoundation
0x00007fff3c50f000 	/System/Library/Frameworks/JavaVM.framework/Versions/A/Frameworks/JavaRuntimeSupport.framework/Versions/A/JavaRuntimeSupport
0x00007fff3c518000 	/System/Library/Frameworks/JavaVM.framework/Versions/A/JavaVM
0x00007fff52fee000 	/System/Library/PrivateFrameworks/JavaLaunching.framework/Versions/A/JavaLaunching
0x00007fff37a44000 	/System/Library/Frameworks/Carbon.framework/Versions/A/Carbon
0x00007fff37a45000 	/System/Library/Frameworks/Carbon.framework/Versions/A/Frameworks/CommonPanels.framework/Versions/A/CommonPanels
0x00007fff37d4f000 	/System/Library/Frameworks/Carbon.framework/Versions/A/Frameworks/Help.framework/Versions/A/Help
0x00007fff37d53000 	/System/Library/Frameworks/Carbon.framework/Versions/A/Frameworks/ImageCapture.framework/Versions/A/ImageCapture
0x00007fff37def000 	/System/Library/Frameworks/Carbon.framework/Versions/A/Frameworks/OpenScripting.framework/Versions/A/OpenScripting
0x00007fff37e2a000 	/System/Library/Frameworks/Carbon.framework/Versions/A/Frameworks/Print.framework/Versions/A/Print
0x00007fff37e2c000 	/System/Library/Frameworks/Carbon.framework/Versions/A/Frameworks/SecurityHI.framework/Versions/A/SecurityHI
0x0000000109750000 	/Library/Java/JavaVirtualMachines/jdk-14.0.1.jdk/Contents/Home/lib/libawt_lwawt.dylib
0x0000000109802000 	/Library/Java/JavaVirtualMachines/jdk-14.0.1.jdk/Contents/Home/lib/./libosxapp.dylib
0x00007fff3a86c000 	/System/Library/Frameworks/ExceptionHandling.framework/Versions/A/ExceptionHandling
0x0000000109822000 	/Library/Java/JavaVirtualMachines/jdk-14.0.1.jdk/Contents/Home/lib/libjavajpeg.dylib
0x00000001098c4000 	/Users/alexander/Library/Caches/JNA/temp/jna4825555751233488602.tmp
0x0000000123c58000 	/Users/alexander/.djl.ai/tensorflow/2.4.1-cpu-osx-x86_64/libtensorflow_framework.2.dylib


VM Arguments:
jvm_args: -Dfile.encoding=UTF-8 -XX:+ShowCodeDetailsInExceptionMessages 
java_command: main.ApplicationML
java_class_path (initial): /Users/alexander/eclipse-workspace/ml-simple/target/classes:/Users/alexander/.m2/repository/ai/djl/api/0.12.0/api-0.12.0.jar:/Users/alexander/.m2/repository/com/google/code/gson/gson/2.8.7/gson-2.8.7.jar:/Users/alexander/.m2/repository/net/java/dev/jna/jna/5.8.0/jna-5.8.0.jar:/Users/alexander/.m2/repository/org/apache/commons/commons-compress/1.20/commons-compress-1.20.jar:/Users/alexander/.m2/repository/ai/djl/repository/0.4.1/repository-0.4.1.jar:/Users/alexander/.m2/repository/ai/djl/tensorflow/tensorflow-api/0.12.0/tensorflow-api-0.12.0.jar:/Users/alexander/.m2/repository/org/bytedeco/javacpp/1.5.5/javacpp-1.5.5.jar:/Users/alexander/.m2/repository/com/google/protobuf/protobuf-java/3.8.0/protobuf-java-3.8.0.jar:/Users/alexander/.m2/repository/ai/djl/tensorflow/tensorflow-engine/0.12.0/tensorflow-engine-0.12.0.jar:/Users/alexander/.m2/repository/ai/djl/tensorflow/tensorflow-native-auto/2.4.1/tensorflow-native-auto-2.4.1.jar:/Users/alexander/.m2/repository/ai/djl/tensorflow/tensorflow-model-zoo/0.12.0/tensorflow-model-zoo-0.12.0.jar:/Users/alexander/.m2/repository/org/slf4j/slf4j-api/1.7.31/slf4j-api-1.7.31.jar:/Users/alexander/.m2/repository/org/slf4j/slf4j-simple/1.7.31/slf4j-simple-1.7.31.jar
Launcher Type: SUN_STANDARD

[Global flags]
     intx CICompilerCount                          = 3                                         {product} {ergonomic}
     uint ConcGCThreads                            = 1                                         {product} {ergonomic}
     uint G1ConcRefinementThreads                  = 4                                         {product} {ergonomic}
   size_t G1HeapRegionSize                         = 1048576                                   {product} {ergonomic}
    uintx GCDrainStackTargetSize                   = 64                                        {product} {ergonomic}
   size_t InitialHeapSize                          = 134217728                                 {product} {ergonomic}
   size_t MarkStackSize                            = 4194304                                   {product} {ergonomic}
   size_t MaxHeapSize                              = 2147483648                                {product} {ergonomic}
   size_t MaxNewSize                               = 1287651328                                {product} {ergonomic}
   size_t MinHeapDeltaBytes                        = 1048576                                   {product} {ergonomic}
   size_t MinHeapSize                              = 8388608                                   {product} {ergonomic}
    uintx NonNMethodCodeHeapSize                   = 5832780                                {pd product} {ergonomic}
    uintx NonProfiledCodeHeapSize                  = 122912730                              {pd product} {ergonomic}
    uintx ProfiledCodeHeapSize                     = 122912730                              {pd product} {ergonomic}
    uintx ReservedCodeCacheSize                    = 251658240                              {pd product} {ergonomic}
     bool SegmentedCodeCache                       = true                                      {product} {ergonomic}
     bool ShowCodeDetailsInExceptionMessages       = true                                   {manageable} {command line}
   size_t SoftMaxHeapSize                          = 2147483648                             {manageable} {ergonomic}
     bool UseCompressedClassPointers               = true                                 {lp64_product} {ergonomic}
     bool UseCompressedOops                        = true                                 {lp64_product} {ergonomic}
     bool UseG1GC                                  = true                                      {product} {ergonomic}

Logging:
Log output configuration:
 #0: stdout all=warning uptime,level,tags
 #1: stderr all=off uptime,level,tags

Environment Variables:
PATH=/usr/bin:/bin:/usr/sbin:/sbin
SHELL=/bin/bash
DISPLAY=/private/tmp/com.apple.launchd.tOzWD4aF03/org.xquartz:0

Signal Handlers:
SIGSEGV: [libjvm.dylib+0x741570], sa_mask[0]=11111111011111110111111111111111, sa_flags=SA_ONSTACK|SA_RESTART|SA_SIGINFO
SIGBUS: [libjvm.dylib+0x741570], sa_mask[0]=11111111011111110111111111111111, sa_flags=SA_RESTART|SA_SIGINFO
SIGFPE: [libjvm.dylib+0x741570], sa_mask[0]=11111111011111110111111111111111, sa_flags=SA_RESTART|SA_SIGINFO
SIGPIPE: [libjvm.dylib+0x5eb393], sa_mask[0]=11111111011111110111111111111111, sa_flags=SA_RESTART|SA_SIGINFO
SIGXFSZ: [libjvm.dylib+0x5eb393], sa_mask[0]=11111111011111110111111111111111, sa_flags=SA_RESTART|SA_SIGINFO
SIGILL: [libjvm.dylib+0x741570], sa_mask[0]=11111111011111110111111111111111, sa_flags=SA_RESTART|SA_SIGINFO
SIGUSR2: [libjvm.dylib+0x5eb965], sa_mask[0]=00100000000000000000000000000000, sa_flags=SA_RESTART|SA_SIGINFO
SIGHUP: [libjvm.dylib+0x5ea9c7], sa_mask[0]=11111111011111110111111111111111, sa_flags=SA_RESTART|SA_SIGINFO
SIGINT: [libjvm.dylib+0x5ea9c7], sa_mask[0]=11111111011111110111111111111111, sa_flags=SA_RESTART|SA_SIGINFO
SIGTERM: [libjvm.dylib+0x5ea9c7], sa_mask[0]=11111111011111110111111111111111, sa_flags=SA_RESTART|SA_SIGINFO
SIGQUIT: [libjvm.dylib+0x5ea9c7], sa_mask[0]=11111111011111110111111111111111, sa_flags=SA_RESTART|SA_SIGINFO


---------------  S Y S T E M  ---------------

OS:uname:Darwin 17.7.0 Darwin Kernel Version 17.7.0: Fri Oct 30 13:34:27 PDT 2020; root:xnu-4570.71.82.8~1/RELEASE_X86_64 x86_64
OS uptime: 0 days 2:43 hours
rlimit: STACK 8192k, CORE 0k, NPROC 709, NOFILE 10240, AS infinity, DATA infinity, FSIZE infinity
load average:2.71 2.54 2.27

CPU:total 4 (initial active 4) (2 cores per cpu, 2 threads per core) family 6 model 37 stepping 5, cmov, cx8, fxsr, mmx, sse, sse2, sse3, ssse3, sse4.1, sse4.2, popcnt, aes, clmul, ht, tsc, tscinvbit

Memory: 4k page, physical 8388608k(21164k free), swap 1048576k(1003008k free)

vm_info: Java HotSpot(TM) 64-Bit Server VM (14.0.1+7) for bsd-amd64 JRE (14.0.1+7), built on Mar  5 2020 10:34:17 by "mach5one" with clang 4.2.1 Compatible Apple LLVM 10.0.0 (clang-1000.11.45.5)

END.
